@@ Using random seed: 1540752018
@@ Using parameters:
.. port: 1341
.. forward_port: 2456
.. delay: 0
.. jitter: 0
.. err_rate: 0
.. cut_rate: 0
.. loss_rate: 10
.. seed: 1540752018
.. link_direction: Forward
@@ Remote host is ::1 [31627]
[SEQ   0] Sent packet (Forward).
[SEQ   1] Sent packet (Reverse).
[SEQ   1] Dropping packet
[SEQ   2] Sent packet (Forward).
[SEQ   3] Sent packet (Forward).
[SEQ   4] Sent packet (Forward).
[SEQ   5] Sent packet (Forward).
[SEQ   6] Sent packet (Forward).
[SEQ   1] Sent packet (Reverse).
[SEQ   7] Sent packet (Forward).
[SEQ   8] Sent packet (Forward).
[SEQ   9] Sent packet (Forward).
[SEQ  10] Sent packet (Forward).
[SEQ  11] Sent packet (Forward).
[SEQ   1] Sent packet (Reverse).
[SEQ  12] Sent packet (Forward).
[SEQ  13] Sent packet (Forward).
[SEQ  14] Sent packet (Forward).
[SEQ   1] Sent packet (Reverse).
[SEQ  15] Sent packet (Forward).
[SEQ  16] Sent packet (Forward).
[SEQ  17] Sent packet (Forward).
[SEQ   1] Sent packet (Reverse).
[SEQ  18] Sent packet (Forward).
[SEQ  19] Sent packet (Forward).
[SEQ  20] Sent packet (Forward).
[SEQ  21] Sent packet (Forward).
[SEQ   1] Sent packet (Reverse).
[SEQ  22] Sent packet (Forward).
[SEQ  23] Dropping packet
[SEQ  24] Sent packet (Forward).
[SEQ   1] Sent packet (Reverse).
[SEQ  25] Dropping packet
[SEQ  26] Sent packet (Forward).
[SEQ   1] Sent packet (Reverse).
[SEQ   1] Sent packet (Reverse).
[SEQ   1] Sent packet (Reverse).
[SEQ   1] Sent packet (Reverse).
[SEQ   1] Sent packet (Reverse).
[SEQ   1] Sent packet (Reverse).
[SEQ   1] Sent packet (Reverse).
[SEQ   1] Sent packet (Reverse).
[SEQ   1] Sent packet (Reverse).
[SEQ   1] Sent packet (Reverse).
[SEQ   1] Sent packet (Reverse).
[SEQ   1] Sent packet (Reverse).
[SEQ   1] Sent packet (Reverse).
[SEQ   1] Sent packet (Reverse).
[SEQ   1] Sent packet (Reverse).
[SEQ   1] Sent packet (Reverse).
[SEQ   1] Sent packet (Reverse).
[SEQ   3] Sent packet (Forward).
[SEQ   1] Sent packet (Forward).
[SEQ   2] Sent packet (Forward).
[SEQ   4] Sent packet (Forward).
[SEQ   5] Sent packet (Forward).
[SEQ   6] Sent packet (Forward).
[SEQ   7] Sent packet (Forward).
[SEQ   8] Sent packet (Forward).
[SEQ   9] Sent packet (Forward).
[SEQ  10] Sent packet (Forward).
[SEQ  11] Sent packet (Forward).
[SEQ  12] Sent packet (Forward).
[SEQ  13] Sent packet (Forward).
[SEQ  14] Sent packet (Forward).
[SEQ  15] Sent packet (Forward).
[SEQ   1] Sent packet (Reverse).
[SEQ  16] Sent packet (Forward).
[SEQ  17] Sent packet (Forward).
[SEQ  18] Sent packet (Forward).
[SEQ  19] Sent packet (Forward).
[SEQ  20] Dropping packet
[SEQ  21] Sent packet (Forward).
[SEQ  22] Sent packet (Forward).
[SEQ  23] Sent packet (Forward).
[SEQ  24] Sent packet (Forward).
[SEQ  25] Sent packet (Forward).
[SEQ  26] Sent packet (Forward).
[SEQ  23] Sent packet (Reverse).
[SEQ  27] Sent packet (Forward).
[SEQ  23] Sent packet (Reverse).
[SEQ  28] Sent packet (Forward).
[SEQ  29] Sent packet (Forward).
[SEQ  30] Sent packet (Forward).
[SEQ  23] Sent packet (Reverse).
[SEQ  31] Dropping packet
[SEQ  32] Sent packet (Forward).
[SEQ  23] Sent packet (Reverse).
[SEQ  33] Sent packet (Forward).
[SEQ  34] Sent packet (Forward).
[SEQ  23] Sent packet (Reverse).
[SEQ  35] Sent packet (Forward).
[SEQ  36] Sent packet (Forward).
[SEQ  23] Sent packet (Reverse).
[SEQ  37] Sent packet (Forward).
[SEQ  23] Sent packet (Reverse).
[SEQ  38] Sent packet (Forward).
[SEQ  39] Sent packet (Forward).
[SEQ  23] Sent packet (Reverse).
[SEQ  40] Sent packet (Forward).
[SEQ  23] Sent packet (Reverse).
[SEQ  41] Sent packet (Forward).
[SEQ  42] Dropping packet
[SEQ  43] Sent packet (Forward).
[SEQ  23] Sent packet (Reverse).
[SEQ  44] Dropping packet
[SEQ  45] Sent packet (Forward).
[SEQ  23] Sent packet (Reverse).
[SEQ  46] Sent packet (Forward).
[SEQ  47] Sent packet (Forward).
[SEQ  23] Sent packet (Reverse).
[SEQ  48] Sent packet (Forward).
[SEQ  23] Sent packet (Reverse).
[SEQ  49] Sent packet (Forward).
[SEQ  50] Dropping packet
[SEQ  23] Sent packet (Reverse).
[SEQ  51] Sent packet (Forward).
[SEQ  23] Sent packet (Reverse).
[SEQ  23] Sent packet (Reverse).
[SEQ  23] Sent packet (Reverse).
[SEQ  23] Sent packet (Reverse).
[SEQ  23] Sent packet (Reverse).
[SEQ  23] Sent packet (Reverse).
[SEQ  25] Sent packet (Reverse).
[SEQ  25] Sent packet (Reverse).
[SEQ  27] Sent packet (Reverse).
[SEQ  52] Sent packet (Forward).
[SEQ  53] Sent packet (Forward).
[SEQ  27] Sent packet (Reverse).
[SEQ  28] Sent packet (Reverse).
[SEQ  54] Sent packet (Forward).
[SEQ  29] Sent packet (Reverse).
[SEQ  55] Sent packet (Forward).
[SEQ  30] Sent packet (Reverse).
[SEQ  31] Sent packet (Reverse).
[SEQ  56] Sent packet (Forward).
[SEQ  31] Sent packet (Reverse).
[SEQ  31] Sent packet (Reverse).
[SEQ  57] Sent packet (Forward).
[SEQ  31] Sent packet (Reverse).
[SEQ  31] Sent packet (Reverse).
[SEQ  58] Sent packet (Forward).
[SEQ  31] Sent packet (Reverse).
[SEQ  59] Dropping packet
[SEQ  31] Sent packet (Reverse).
[SEQ  60] Dropping packet
[SEQ  31] Sent packet (Reverse).
[SEQ  31] Sent packet (Reverse).
[SEQ  31] Sent packet (Reverse).
[SEQ  31] Sent packet (Reverse).
[SEQ  31] Sent packet (Reverse).
[SEQ  31] Sent packet (Reverse).
[SEQ  31] Sent packet (Reverse).
[SEQ  31] Sent packet (Reverse).
[SEQ  31] Sent packet (Reverse).
[SEQ  31] Sent packet (Reverse).
[SEQ  31] Sent packet (Reverse).
[SEQ  31] Sent packet (Reverse).
[SEQ  31] Sent packet (Reverse).
[SEQ  31] Sent packet (Reverse).
[SEQ  31] Sent packet (Reverse).
[SEQ  31] Sent packet (Reverse).
[SEQ  31] Sent packet (Reverse).
[SEQ  31] Sent packet (Reverse).
[SEQ  31] Sent packet (Forward).
[SEQ  32] Sent packet (Forward).
[SEQ  33] Sent packet (Forward).
[SEQ  34] Dropping packet
[SEQ  35] Sent packet (Forward).
[SEQ  36] Dropping packet
[SEQ  37] Sent packet (Forward).
[SEQ  38] Sent packet (Forward).
[SEQ  39] Sent packet (Forward).
[SEQ  40] Dropping packet
[SEQ  41] Sent packet (Forward).
[SEQ  42] Sent packet (Forward).
[SEQ  43] Dropping packet
[SEQ  44] Sent packet (Forward).
[SEQ  45] Dropping packet
[SEQ  46] Sent packet (Forward).
[SEQ  47] Sent packet (Forward).
[SEQ  48] Sent packet (Forward).
[SEQ  49] Sent packet (Forward).
[SEQ  42] Sent packet (Reverse).
[SEQ  50] Sent packet (Forward).
[SEQ  51] Sent packet (Forward).
[SEQ  42] Sent packet (Reverse).
[SEQ  42] Sent packet (Reverse).
[SEQ  42] Sent packet (Reverse).
[SEQ  42] Sent packet (Reverse).
[SEQ  52] Sent packet (Forward).
[SEQ  53] Sent packet (Forward).
[SEQ  42] Sent packet (Reverse).
[SEQ  54] Sent packet (Forward).
[SEQ  42] Sent packet (Reverse).
[SEQ  55] Sent packet (Forward).
[SEQ  42] Sent packet (Reverse).
[SEQ  56] Sent packet (Forward).
[SEQ  57] Sent packet (Forward).
[SEQ  58] Sent packet (Forward).
[SEQ  44] Sent packet (Reverse).
[SEQ  59] Sent packet (Forward).
[SEQ  50] Sent packet (Reverse).
[SEQ  61] Sent packet (Forward).
[SEQ  60] Sent packet (Forward).
[SEQ  50] Sent packet (Reverse).
[SEQ  50] Sent packet (Reverse).
[SEQ  50] Sent packet (Reverse).
[SEQ  62] Sent packet (Forward).
[SEQ  50] Sent packet (Reverse).
[SEQ  63] Sent packet (Forward).
[SEQ  64] Sent packet (Forward).
[SEQ  59] Sent packet (Reverse).
[SEQ  65] Sent packet (Forward).
[SEQ  59] Sent packet (Reverse).
[SEQ  66] Sent packet (Forward).
[SEQ  59] Sent packet (Reverse).
[SEQ  59] Sent packet (Reverse).
[SEQ  59] Sent packet (Reverse).
[SEQ  67] Sent packet (Forward).
[SEQ  59] Sent packet (Reverse).
[SEQ  68] Sent packet (Forward).
[SEQ  59] Sent packet (Reverse).
[SEQ  69] Sent packet (Forward).
[SEQ  59] Sent packet (Reverse).
[SEQ  70] Sent packet (Forward).
[SEQ  59] Sent packet (Reverse).
[SEQ  71] Sent packet (Forward).
[SEQ  60] Sent packet (Reverse).
[SEQ  72] Dropping packet
[SEQ  60] Sent packet (Reverse).
[SEQ  73] Sent packet (Forward).
[SEQ  62] Sent packet (Reverse).
[SEQ  74] Sent packet (Forward).
[SEQ  63] Sent packet (Reverse).
[SEQ  75] Dropping packet
[SEQ  64] Sent packet (Reverse).
[SEQ  65] Sent packet (Reverse).
[SEQ  76] Sent packet (Forward).
[SEQ  66] Sent packet (Reverse).
[SEQ  77] Sent packet (Forward).
[SEQ  67] Sent packet (Reverse).
[SEQ  68] Sent packet (Reverse).
[SEQ  78] Sent packet (Forward).
[SEQ  69] Sent packet (Reverse).
[SEQ  70] Sent packet (Reverse).
[SEQ  79] Sent packet (Forward).
[SEQ  71] Sent packet (Reverse).
[SEQ  72] Sent packet (Reverse).
[SEQ  72] Sent packet (Reverse).
[SEQ  80] Sent packet (Forward).
[SEQ  72] Sent packet (Reverse).
[SEQ  81] Sent packet (Forward).
[SEQ  72] Sent packet (Reverse).
[SEQ  72] Sent packet (Reverse).
[SEQ  82] Sent packet (Forward).
[SEQ  72] Sent packet (Reverse).
[SEQ  72] Sent packet (Reverse).
[SEQ  83] Sent packet (Forward).
[SEQ  72] Sent packet (Reverse).
[SEQ  84] Dropping packet
[SEQ  72] Sent packet (Reverse).
[SEQ  85] Sent packet (Forward).
[SEQ  72] Sent packet (Reverse).
[SEQ  86] Sent packet (Forward).
[SEQ  72] Sent packet (Reverse).
[SEQ  87] Sent packet (Forward).
[SEQ  72] Sent packet (Reverse).
[SEQ  88] Dropping packet
[SEQ  72] Sent packet (Reverse).
[SEQ  89] Sent packet (Forward).
[SEQ  90] Sent packet (Forward).
[SEQ  72] Sent packet (Reverse).
[SEQ  91] Sent packet (Forward).
[SEQ  92] Sent packet (Forward).
[SEQ  72] Sent packet (Reverse).
[SEQ  93] Sent packet (Forward).
[SEQ  94] Sent packet (Forward).
[SEQ  95] Sent packet (Forward).
[SEQ  72] Sent packet (Reverse).
[SEQ  72] Sent packet (Reverse).
[SEQ  72] Sent packet (Reverse).
[SEQ  72] Sent packet (Reverse).
[SEQ  72] Sent packet (Reverse).
[SEQ  72] Sent packet (Reverse).
[SEQ  91] Sent packet (Forward).
[SEQ  72] Sent packet (Forward).
[SEQ  73] Sent packet (Forward).
[SEQ  74] Sent packet (Forward).
[SEQ  75] Sent packet (Forward).
[SEQ  76] Sent packet (Forward).
[SEQ  77] Sent packet (Forward).
[SEQ  78] Sent packet (Forward).
[SEQ  72] Sent packet (Reverse).
[SEQ  79] Sent packet (Forward).
[SEQ  80] Sent packet (Forward).
[SEQ  81] Sent packet (Forward).
[SEQ  82] Sent packet (Forward).
[SEQ  83] Dropping packet
[SEQ  84] Sent packet (Forward).
[SEQ  85] Sent packet (Forward).
[SEQ  86] Sent packet (Forward).
[SEQ  87] Sent packet (Forward).
[SEQ  88] Sent packet (Forward).
[SEQ  89] Sent packet (Forward).
[SEQ  90] Sent packet (Forward).
[SEQ  92] Sent packet (Forward).
[SEQ  93] Sent packet (Forward).
[SEQ  94] Sent packet (Forward).
[SEQ  95] Sent packet (Forward).
[SEQ  75] Sent packet (Reverse).
[SEQ  75] Sent packet (Reverse).
[SEQ  75] Sent packet (Reverse).
[SEQ  84] Sent packet (Reverse).
[SEQ  84] Sent packet (Reverse).
[SEQ  96] Sent packet (Forward).
[SEQ  84] Sent packet (Reverse).
[SEQ  97] Sent packet (Forward).
[SEQ  84] Sent packet (Reverse).
[SEQ  98] Sent packet (Forward).
[SEQ  84] Sent packet (Reverse).
[SEQ  99] Sent packet (Forward).
[SEQ 100] Dropping packet
[SEQ  84] Sent packet (Reverse).
[SEQ 101] Sent packet (Forward).
[SEQ 102] Sent packet (Forward).
[SEQ  84] Sent packet (Reverse).
[SEQ 103] Sent packet (Forward).
[SEQ 104] Dropping packet
[SEQ  84] Sent packet (Reverse).
[SEQ  88] Sent packet (Reverse).
[SEQ  88] Sent packet (Reverse).
[SEQ 105] Sent packet (Forward).
[SEQ 106] Dropping packet
[SEQ 107] Sent packet (Forward).
[SEQ  88] Sent packet (Reverse).
[SEQ 108] Sent packet (Forward).
[SEQ 109] Sent packet (Forward).
[SEQ 110] Sent packet (Forward).
[SEQ 111] Sent packet (Forward).
[SEQ  88] Sent packet (Reverse).
[SEQ  96] Sent packet (Reverse).
[SEQ  96] Sent packet (Reverse).
[SEQ 112] Sent packet (Forward).
[SEQ 113] Sent packet (Forward).
[SEQ  96] Sent packet (Reverse).
[SEQ 114] Sent packet (Forward).
[SEQ 115] Sent packet (Forward).
[SEQ 116] Sent packet (Forward).
[SEQ  96] Sent packet (Reverse).
[SEQ 117] Sent packet (Forward).
[SEQ 118] Sent packet (Forward).
[SEQ 119] Sent packet (Forward).
[SEQ 120] Sent packet (Forward).
[SEQ  96] Sent packet (Reverse).
[SEQ 121] Sent packet (Forward).
[SEQ 122] Sent packet (Forward).
[SEQ  96] Sent packet (Reverse).
[SEQ 123] Sent packet (Forward).
[SEQ 124] Sent packet (Forward).
[SEQ 125] Sent packet (Forward).
[SEQ  96] Sent packet (Reverse).
[SEQ 126] Dropping packet
[SEQ  97] Sent packet (Reverse).
[SEQ  98] Sent packet (Reverse).
[SEQ 127] Sent packet (Forward).
[SEQ  99] Sent packet (Reverse).
[SEQ 128] Sent packet (Forward).
[SEQ 100] Sent packet (Reverse).
[SEQ 100] Sent packet (Reverse).
[SEQ 129] Sent packet (Forward).
[SEQ 100] Sent packet (Reverse).
[SEQ 130] Sent packet (Forward).
[SEQ 100] Sent packet (Reverse).
[SEQ 100] Sent packet (Reverse).
[SEQ 100] Sent packet (Reverse).
[SEQ 100] Sent packet (Reverse).
[SEQ 100] Sent packet (Reverse).
[SEQ 100] Sent packet (Reverse).
[SEQ 100] Sent packet (Reverse).
[SEQ 100] Sent packet (Reverse).
[SEQ 100] Sent packet (Reverse).
[SEQ 100] Sent packet (Reverse).
[SEQ 100] Sent packet (Reverse).
[SEQ 100] Sent packet (Reverse).
[SEQ 100] Sent packet (Reverse).
[SEQ 100] Sent packet (Reverse).
[SEQ 100] Sent packet (Reverse).
[SEQ 100] Sent packet (Reverse).
[SEQ 100] Sent packet (Reverse).
[SEQ 100] Sent packet (Reverse).
[SEQ 100] Sent packet (Reverse).
[SEQ 100] Sent packet (Reverse).
[SEQ 100] Sent packet (Reverse).
[SEQ 100] Sent packet (Reverse).
[SEQ 100] Sent packet (Reverse).
[SEQ 100] Sent packet (Reverse).
[SEQ 100] Sent packet (Reverse).
[SEQ 102] Sent packet (Forward).
[SEQ 100] Sent packet (Forward).
[SEQ 101] Sent packet (Forward).
[SEQ 103] Sent packet (Forward).
[SEQ 100] Sent packet (Reverse).
[SEQ 104] Sent packet (Forward).
[SEQ 105] Sent packet (Forward).
[SEQ 106] Dropping packet
[SEQ 107] Sent packet (Forward).
[SEQ 108] Sent packet (Forward).
[SEQ 109] Dropping packet
[SEQ 110] Sent packet (Forward).
[SEQ 111] Sent packet (Forward).
[SEQ 112] Sent packet (Forward).
[SEQ 113] Dropping packet
[SEQ 114] Sent packet (Forward).
[SEQ 115] Sent packet (Forward).
[SEQ 116] Sent packet (Forward).
[SEQ 117] Sent packet (Forward).
[SEQ 118] Sent packet (Forward).
[SEQ 119] Sent packet (Forward).
[SEQ 104] Sent packet (Reverse).
[SEQ 120] Sent packet (Forward).
[SEQ 121] Sent packet (Forward).
[SEQ 104] Sent packet (Reverse).
[SEQ 104] Sent packet (Reverse).
[SEQ 122] Sent packet (Forward).
[SEQ 123] Sent packet (Forward).
[SEQ 124] Sent packet (Forward).
[SEQ 125] Sent packet (Forward).
[SEQ 126] Sent packet (Forward).
[SEQ 106] Sent packet (Reverse).
[SEQ 127] Dropping packet
[SEQ 128] Sent packet (Forward).
[SEQ 106] Sent packet (Reverse).
[SEQ 106] Sent packet (Reverse).
[SEQ 106] Sent packet (Reverse).
[SEQ 106] Sent packet (Reverse).
[SEQ 129] Sent packet (Forward).
[SEQ 106] Sent packet (Reverse).
[SEQ 130] Sent packet (Forward).
[SEQ 106] Sent packet (Reverse).
[SEQ 106] Sent packet (Reverse).
[SEQ 106] Sent packet (Reverse).
[SEQ 106] Sent packet (Reverse).
[SEQ 106] Sent packet (Reverse).
[SEQ 106] Sent packet (Reverse).
[SEQ 106] Sent packet (Reverse).
[SEQ 106] Sent packet (Reverse).
[SEQ 106] Sent packet (Reverse).
[SEQ 106] Sent packet (Reverse).
[SEQ 106] Sent packet (Reverse).
[SEQ 106] Sent packet (Reverse).
[SEQ 106] Sent packet (Reverse).
[SEQ 106] Sent packet (Reverse).
[SEQ 106] Sent packet (Reverse).
[SEQ 106] Sent packet (Reverse).
[SEQ 106] Sent packet (Reverse).
[SEQ 128] Sent packet (Forward).
[SEQ 106] Dropping packet
[SEQ 107] Sent packet (Forward).
[SEQ 108] Sent packet (Forward).
[SEQ 106] Sent packet (Reverse).
[SEQ 109] Sent packet (Forward).
[SEQ 110] Sent packet (Forward).
[SEQ 111] Sent packet (Forward).
[SEQ 106] Sent packet (Reverse).
[SEQ 112] Sent packet (Forward).
[SEQ 113] Sent packet (Forward).
[SEQ 114] Sent packet (Forward).
[SEQ 115] Sent packet (Forward).
[SEQ 116] Sent packet (Forward).
[SEQ 106] Sent packet (Reverse).
[SEQ 117] Sent packet (Forward).
[SEQ 118] Sent packet (Forward).
[SEQ 106] Sent packet (Reverse).
[SEQ 119] Sent packet (Forward).
[SEQ 106] Sent packet (Reverse).
[SEQ 120] Dropping packet
[SEQ 121] Sent packet (Forward).
[SEQ 106] Sent packet (Reverse).
[SEQ 122] Sent packet (Forward).
[SEQ 123] Sent packet (Forward).
[SEQ 106] Sent packet (Reverse).
[SEQ 124] Sent packet (Forward).
[SEQ 106] Sent packet (Reverse).
[SEQ 125] Sent packet (Forward).
[SEQ 126] Sent packet (Forward).
[SEQ 106] Sent packet (Reverse).
[SEQ 127] Sent packet (Forward).
[SEQ 129] Sent packet (Forward).
[SEQ 106] Sent packet (Reverse).
[SEQ 130] Sent packet (Forward).
[SEQ 106] Sent packet (Reverse).
[SEQ 106] Sent packet (Reverse).
[SEQ 106] Sent packet (Reverse).
[SEQ 106] Sent packet (Reverse).
[SEQ 106] Sent packet (Reverse).
[SEQ 106] Sent packet (Reverse).
[SEQ 106] Sent packet (Reverse).
[SEQ 106] Sent packet (Reverse).
[SEQ 106] Sent packet (Reverse).
[SEQ 106] Sent packet (Reverse).
[SEQ 106] Sent packet (Reverse).
[SEQ 106] Sent packet (Reverse).
[SEQ 106] Sent packet (Reverse).
[SEQ 129] Sent packet (Forward).
[SEQ 106] Dropping packet
[SEQ 107] Sent packet (Forward).
[SEQ 108] Sent packet (Forward).
[SEQ 109] Sent packet (Forward).
[SEQ 106] Sent packet (Reverse).
[SEQ 110] Sent packet (Forward).
[SEQ 111] Sent packet (Forward).
[SEQ 106] Sent packet (Reverse).
[SEQ 112] Sent packet (Forward).
[SEQ 106] Sent packet (Reverse).
[SEQ 106] Sent packet (Reverse).
[SEQ 113] Sent packet (Forward).
[SEQ 106] Sent packet (Reverse).
[SEQ 114] Sent packet (Forward).
[SEQ 106] Sent packet (Reverse).
[SEQ 115] Sent packet (Forward).
[SEQ 106] Sent packet (Reverse).
[SEQ 116] Sent packet (Forward).
[SEQ 106] Sent packet (Reverse).
[SEQ 106] Sent packet (Reverse).
[SEQ 117] Sent packet (Forward).
[SEQ 106] Sent packet (Reverse).
[SEQ 118] Sent packet (Forward).
[SEQ 106] Sent packet (Reverse).
[SEQ 119] Sent packet (Forward).
[SEQ 106] Sent packet (Reverse).
[SEQ 106] Sent packet (Reverse).
[SEQ 120] Sent packet (Forward).
[SEQ 106] Sent packet (Reverse).
[SEQ 121] Dropping packet
[SEQ 106] Sent packet (Reverse).
[SEQ 122] Sent packet (Forward).
[SEQ 106] Sent packet (Reverse).
[SEQ 123] Sent packet (Forward).
[SEQ 106] Sent packet (Reverse).
[SEQ 124] Sent packet (Forward).
[SEQ 106] Sent packet (Reverse).
[SEQ 125] Sent packet (Forward).
[SEQ 106] Sent packet (Reverse).
[SEQ 126] Sent packet (Forward).
[SEQ 106] Sent packet (Reverse).
[SEQ 127] Sent packet (Forward).
[SEQ 106] Sent packet (Reverse).
[SEQ 128] Sent packet (Forward).
[SEQ 106] Sent packet (Reverse).
[SEQ 130] Sent packet (Forward).
[SEQ 106] Sent packet (Reverse).
[SEQ 124] Sent packet (Forward).
[SEQ 106] Sent packet (Forward).
[SEQ 107] Dropping packet
[SEQ 108] Sent packet (Forward).
[SEQ 109] Dropping packet
[SEQ 106] Sent packet (Reverse).
[SEQ 110] Sent packet (Forward).
[SEQ 111] Sent packet (Forward).
[SEQ 112] Sent packet (Forward).
[SEQ 113] Sent packet (Forward).
[SEQ 114] Sent packet (Forward).
[SEQ 115] Sent packet (Forward).
[SEQ 116] Sent packet (Forward).
[SEQ 117] Sent packet (Forward).
[SEQ 118] Sent packet (Forward).
[SEQ 119] Sent packet (Forward).
[SEQ 120] Dropping packet
[SEQ 121] Sent packet (Forward).
[SEQ 122] Sent packet (Forward).
[SEQ 123] Dropping packet
[SEQ 125] Dropping packet
[SEQ 126] Sent packet (Forward).
[SEQ 127] Sent packet (Forward).
[SEQ 131] Sent packet (Reverse).
[SEQ 128] Dropping packet
[SEQ 129] Sent packet (Forward).
[SEQ 131] Sent packet (Reverse).
[SEQ 131] Sent packet (Reverse).
[SEQ 131] Sent packet (Reverse).
[SEQ 131] Sent packet (Forward).
[SEQ 131] Sent packet (Reverse).
[SEQ 132] Sent packet (Forward).
[SEQ 131] Sent packet (Reverse).
[SEQ 133] Sent packet (Forward).
[SEQ 131] Sent packet (Reverse).
[SEQ 134] Sent packet (Forward).
[SEQ 131] Sent packet (Reverse).
[SEQ 135] Sent packet (Forward).
[SEQ 131] Sent packet (Reverse).
[SEQ 136] Sent packet (Forward).
[SEQ 131] Sent packet (Reverse).
[SEQ 137] Dropping packet
[SEQ 131] Sent packet (Reverse).
[SEQ 131] Sent packet (Reverse).
[SEQ 138] Sent packet (Forward).
[SEQ 131] Sent packet (Reverse).
[SEQ 139] Sent packet (Forward).
[SEQ 131] Sent packet (Reverse).
[SEQ 140] Sent packet (Forward).
[SEQ 131] Sent packet (Reverse).
[SEQ 141] Sent packet (Forward).
[SEQ 131] Sent packet (Reverse).
[SEQ 142] Sent packet (Forward).
[SEQ 131] Sent packet (Reverse).
[SEQ 143] Dropping packet
[SEQ 132] Sent packet (Reverse).
[SEQ 144] Sent packet (Forward).
[SEQ 133] Sent packet (Reverse).
[SEQ 145] Sent packet (Forward).
[SEQ 134] Sent packet (Reverse).
[SEQ 146] Dropping packet
[SEQ 135] Sent packet (Reverse).
[SEQ 147] Sent packet (Forward).
[SEQ 136] Sent packet (Reverse).
[SEQ 137] Sent packet (Reverse).
[SEQ 148] Sent packet (Forward).
[SEQ 137] Sent packet (Reverse).
[SEQ 137] Sent packet (Reverse).
[SEQ 149] Sent packet (Forward).
[SEQ 137] Sent packet (Reverse).
[SEQ 150] Sent packet (Forward).
[SEQ 137] Sent packet (Reverse).
[SEQ 137] Sent packet (Reverse).
[SEQ 151] Sent packet (Forward).
[SEQ 137] Sent packet (Reverse).
[SEQ 152] Sent packet (Forward).
[SEQ 137] Sent packet (Reverse).
[SEQ 153] Sent packet (Forward).
[SEQ 137] Sent packet (Reverse).
[SEQ 154] Dropping packet
[SEQ 137] Sent packet (Reverse).
[SEQ 155] Sent packet (Forward).
[SEQ 156] Sent packet (Forward).
[SEQ 137] Sent packet (Reverse).
[SEQ 157] Sent packet (Forward).
[SEQ 158] Sent packet (Forward).
[SEQ 137] Sent packet (Reverse).
[SEQ 159] Sent packet (Forward).
[SEQ 160] Sent packet (Forward).
[SEQ 137] Sent packet (Reverse).
[SEQ 137] Sent packet (Reverse).
[SEQ 137] Sent packet (Reverse).
[SEQ 137] Sent packet (Reverse).
[SEQ 137] Sent packet (Reverse).
[SEQ 137] Sent packet (Reverse).
[SEQ 137] Sent packet (Reverse).
[SEQ 137] Sent packet (Reverse).
[SEQ 137] Sent packet (Reverse).
[SEQ 156] Sent packet (Forward).
[SEQ 137] Sent packet (Forward).
[SEQ 138] Sent packet (Forward).
[SEQ 139] Sent packet (Forward).
[SEQ 140] Dropping packet
[SEQ 137] Sent packet (Reverse).
[SEQ 141] Sent packet (Forward).
[SEQ 142] Sent packet (Forward).
[SEQ 143] Sent packet (Forward).
[SEQ 144] Sent packet (Forward).
[SEQ 145] Sent packet (Forward).
[SEQ 146] Sent packet (Forward).
[SEQ 147] Sent packet (Forward).
[SEQ 148] Sent packet (Forward).
[SEQ 149] Sent packet (Forward).
[SEQ 150] Sent packet (Forward).
[SEQ 151] Sent packet (Forward).
[SEQ 152] Sent packet (Forward).
[SEQ 143] Sent packet (Reverse).
[SEQ 153] Sent packet (Forward).
[SEQ 154] Sent packet (Forward).
[SEQ 155] Sent packet (Forward).
[SEQ 143] Sent packet (Reverse).
[SEQ 143] Sent packet (Reverse).
[SEQ 143] Sent packet (Reverse).
[SEQ 157] Sent packet (Forward).
[SEQ 143] Sent packet (Reverse).
[SEQ 158] Sent packet (Forward).
[SEQ 159] Sent packet (Forward).
[SEQ 160] Sent packet (Forward).
[SEQ 146] Sent packet (Reverse).
[SEQ 146] Sent packet (Reverse).
[SEQ 146] Sent packet (Reverse).
[SEQ 161] Sent packet (Forward).
[SEQ 162] Sent packet (Forward).
[SEQ 154] Sent packet (Reverse).
[SEQ 163] Sent packet (Forward).
[SEQ 154] Sent packet (Reverse).
[SEQ 154] Sent packet (Reverse).
[SEQ 164] Dropping packet
[SEQ 154] Sent packet (Reverse).
[SEQ 165] Sent packet (Forward).
[SEQ 154] Sent packet (Reverse).
[SEQ 166] Sent packet (Forward).
[SEQ 154] Sent packet (Reverse).
[SEQ 167] Sent packet (Forward).
[SEQ 154] Sent packet (Reverse).
[SEQ 154] Sent packet (Reverse).
[SEQ 168] Sent packet (Forward).
[SEQ 169] Sent packet (Forward).
[SEQ 161] Sent packet (Reverse).
[SEQ 170] Dropping packet
[SEQ 161] Sent packet (Reverse).
[SEQ 171] Sent packet (Forward).
[SEQ 161] Sent packet (Reverse).
[SEQ 161] Sent packet (Reverse).
[SEQ 172] Sent packet (Forward).
[SEQ 161] Sent packet (Reverse).
[SEQ 161] Sent packet (Reverse).
[SEQ 173] Sent packet (Forward).
[SEQ 174] Sent packet (Forward).
[SEQ 162] Sent packet (Reverse).
[SEQ 175] Sent packet (Forward).
[SEQ 163] Sent packet (Reverse).
[SEQ 176] Sent packet (Forward).
[SEQ 164] Sent packet (Reverse).
[SEQ 177] Sent packet (Forward).
[SEQ 164] Sent packet (Reverse).
[SEQ 164] Sent packet (Reverse).
[SEQ 178] Sent packet (Forward).
[SEQ 164] Sent packet (Reverse).
[SEQ 164] Sent packet (Reverse).
[SEQ 179] Sent packet (Forward).
[SEQ 164] Sent packet (Reverse).
[SEQ 180] Sent packet (Forward).
[SEQ 164] Sent packet (Reverse).
[SEQ 181] Sent packet (Forward).
[SEQ 182] Sent packet (Forward).
[SEQ 164] Sent packet (Reverse).
[SEQ 183] Sent packet (Forward).
[SEQ 164] Sent packet (Reverse).
[SEQ 184] Sent packet (Forward).
[SEQ 164] Sent packet (Reverse).
[SEQ 185] Sent packet (Forward).
[SEQ 164] Sent packet (Reverse).
[SEQ 164] Sent packet (Reverse).
[SEQ 164] Sent packet (Reverse).
[SEQ 164] Sent packet (Reverse).
[SEQ 164] Sent packet (Reverse).
[SEQ 164] Sent packet (Reverse).
[SEQ 164] Sent packet (Reverse).
[SEQ 164] Sent packet (Reverse).
[SEQ 164] Sent packet (Reverse).
[SEQ 164] Sent packet (Reverse).
[SEQ 164] Sent packet (Reverse).
[SEQ 180] Sent packet (Forward).
[SEQ 164] Sent packet (Forward).
[SEQ 165] Sent packet (Forward).
[SEQ 166] Sent packet (Forward).
[SEQ 167] Sent packet (Forward).
[SEQ 164] Sent packet (Reverse).
[SEQ 168] Sent packet (Forward).
[SEQ 169] Sent packet (Forward).
[SEQ 170] Dropping packet
[SEQ 171] Sent packet (Forward).
[SEQ 172] Dropping packet
[SEQ 173] Sent packet (Forward).
[SEQ 174] Sent packet (Forward).
[SEQ 175] Dropping packet
[SEQ 176] Sent packet (Forward).
[SEQ 177] Sent packet (Forward).
[SEQ 178] Sent packet (Forward).
[SEQ 179] Sent packet (Forward).
[SEQ 170] Sent packet (Reverse).
[SEQ 181] Sent packet (Forward).
[SEQ 182] Sent packet (Forward).
[SEQ 170] Sent packet (Reverse).
[SEQ 170] Sent packet (Reverse).
[SEQ 170] Sent packet (Reverse).
[SEQ 183] Sent packet (Forward).
[SEQ 170] Sent packet (Reverse).
[SEQ 184] Sent packet (Forward).
[SEQ 185] Sent packet (Forward).
[SEQ 170] Sent packet (Reverse).
[SEQ 170] Sent packet (Reverse).
[SEQ 170] Sent packet (Reverse).
[SEQ 170] Sent packet (Reverse).
[SEQ 170] Sent packet (Reverse).
[SEQ 170] Sent packet (Reverse).
[SEQ 170] Sent packet (Reverse).
[SEQ 170] Sent packet (Reverse).
[SEQ 170] Sent packet (Reverse).
[SEQ 170] Sent packet (Reverse).
[SEQ 170] Sent packet (Reverse).
[SEQ 170] Sent packet (Reverse).
[SEQ 170] Sent packet (Reverse).
[SEQ 178] Sent packet (Forward).
[SEQ 170] Sent packet (Forward).
[SEQ 171] Sent packet (Forward).
[SEQ 172] Sent packet (Forward).
[SEQ 173] Sent packet (Forward).
[SEQ 170] Sent packet (Reverse).
[SEQ 174] Sent packet (Forward).
[SEQ 175] Sent packet (Forward).
[SEQ 176] Sent packet (Forward).
[SEQ 177] Sent packet (Forward).
[SEQ 179] Sent packet (Forward).
[SEQ 180] Sent packet (Forward).
[SEQ 181] Sent packet (Forward).
[SEQ 182] Sent packet (Forward).
[SEQ 183] Sent packet (Forward).
[SEQ 184] Sent packet (Forward).
[SEQ 185] Sent packet (Forward).
[SEQ 186] Sent packet (Reverse).
